Device: cuda

  0%|          | 0.00/170M [00:00<?, ?B/s]
  0%|          | 32.8k/170M [00:00<17:08, 166kB/s]
  0%|          | 65.5k/170M [00:00<17:13, 165kB/s]
  0%|          | 98.3k/170M [00:00<17:10, 165kB/s]
  0%|          | 229k/170M [00:00<07:52, 360kB/s] 
  0%|          | 459k/170M [00:00<04:23, 646kB/s]
  1%|          | 918k/170M [00:01<02:20, 1.21MB/s]
  1%|          | 1.84M/170M [00:01<01:12, 2.32MB/s]
  2%|▏         | 3.70M/170M [00:01<00:36, 4.56MB/s]
  4%|▎         | 6.36M/170M [00:01<00:22, 7.30MB/s]
  6%|▌         | 9.40M/170M [00:01<00:16, 9.70MB/s]
  7%|▋         | 12.5M/170M [00:02<00:13, 11.4MB/s]
  9%|▉         | 15.7M/170M [00:02<00:12, 12.7MB/s]
 11%|█         | 18.9M/170M [00:02<00:11, 13.6MB/s]
 13%|█▎        | 22.0M/170M [00:02<00:10, 14.1MB/s]
 15%|█▍        | 25.2M/170M [00:03<00:09, 14.5MB/s]
 17%|█▋        | 28.3M/170M [00:03<00:09, 14.8MB/s]
 18%|█▊        | 31.5M/170M [00:03<00:09, 15.1MB/s]
 20%|██        | 34.7M/170M [00:03<00:08, 15.2MB/s]
 22%|██▏       | 37.8M/170M [00:03<00:08, 15.2MB/s]
 24%|██▍       | 41.0M/170M [00:04<00:08, 15.4MB/s]
 26%|██▌       | 44.2M/170M [00:04<00:08, 15.5MB/s]
 28%|██▊       | 47.3M/170M [00:04<00:07, 15.5MB/s]
 30%|██▉       | 50.5M/170M [00:04<00:07, 15.5MB/s]
 31%|███▏      | 53.6M/170M [00:04<00:07, 15.5MB/s]
 33%|███▎      | 56.9M/170M [00:05<00:07, 15.6MB/s]
 35%|███▌      | 60.1M/170M [00:05<00:07, 15.6MB/s]
 37%|███▋      | 63.1M/170M [00:05<00:06, 15.4MB/s]
 39%|███▉      | 66.1M/170M [00:05<00:06, 15.2MB/s]
 41%|████      | 69.2M/170M [00:05<00:06, 15.3MB/s]
 43%|████▎     | 72.5M/170M [00:06<00:06, 15.5MB/s]
 44%|████▍     | 75.6M/170M [00:06<00:06, 15.5MB/s]
 46%|████▌     | 78.8M/170M [00:06<00:05, 15.5MB/s]
 48%|████▊     | 82.0M/170M [00:06<00:05, 15.5MB/s]
 50%|████▉     | 85.1M/170M [00:06<00:05, 15.6MB/s]
 52%|█████▏    | 88.3M/170M [00:07<00:05, 15.6MB/s]
 54%|█████▎    | 91.6M/170M [00:07<00:05, 15.6MB/s]
 56%|█████▌    | 94.7M/170M [00:07<00:04, 15.5MB/s]
 57%|█████▋    | 97.8M/170M [00:07<00:04, 15.4MB/s]
 59%|█████▉    | 101M/170M [00:07<00:04, 15.4MB/s] 
 61%|██████    | 104M/170M [00:08<00:04, 15.6MB/s]
 63%|██████▎   | 107M/170M [00:08<00:04, 15.5MB/s]
 65%|██████▍   | 110M/170M [00:08<00:03, 15.3MB/s]
 66%|██████▋   | 113M/170M [00:08<00:03, 15.0MB/s]
 68%|██████▊   | 116M/170M [00:08<00:03, 14.9MB/s]
 70%|██████▉   | 119M/170M [00:09<00:03, 14.8MB/s]
 72%|███████▏  | 122M/170M [00:09<00:03, 14.7MB/s]
 73%|███████▎  | 125M/170M [00:09<00:03, 14.6MB/s]
 75%|███████▌  | 128M/170M [00:09<00:02, 14.5MB/s]
 77%|███████▋  | 131M/170M [00:09<00:02, 14.5MB/s]
 79%|███████▊  | 134M/170M [00:10<00:02, 14.6MB/s]
 80%|████████  | 137M/170M [00:10<00:02, 14.5MB/s]
 82%|████████▏ | 140M/170M [00:10<00:02, 14.6MB/s]
 84%|████████▍ | 143M/170M [00:10<00:01, 14.6MB/s]
 86%|████████▌ | 146M/170M [00:10<00:01, 14.8MB/s]
 88%|████████▊ | 149M/170M [00:11<00:01, 15.1MB/s]
 89%|████████▉ | 152M/170M [00:11<00:01, 15.0MB/s]
 91%|█████████ | 155M/170M [00:11<00:01, 14.8MB/s]
 93%|█████████▎| 158M/170M [00:11<00:00, 14.9MB/s]
 95%|█████████▍| 161M/170M [00:11<00:00, 15.1MB/s]
 96%|█████████▋| 164M/170M [00:12<00:00, 14.9MB/s]
 98%|█████████▊| 167M/170M [00:12<00:00, 15.0MB/s]
100%|█████████▉| 170M/170M [00:12<00:00, 14.8MB/s]
100%|██████████| 170M/170M [00:12<00:00, 13.5MB/s]

  0%|          | 0/20 [00:00<?, ?it/s]
  5%|▌         | 1/20 [00:28<09:04, 28.64s/it]Round 01 | Clean ACC = 77.69% | ASR = 6.26%

 10%|█         | 2/20 [00:57<08:37, 28.76s/it]Round 02 | Clean ACC = 85.13% | ASR = 9.52%

 15%|█▌        | 3/20 [01:26<08:08, 28.76s/it]Round 03 | Clean ACC = 87.51% | ASR = 22.99%

 20%|██        | 4/20 [01:54<07:38, 28.67s/it]Round 04 | Clean ACC = 88.67% | ASR = 57.22%

 25%|██▌       | 5/20 [02:23<07:10, 28.67s/it]Round 05 | Clean ACC = 89.50% | ASR = 73.09%

 30%|███       | 6/20 [02:52<06:40, 28.63s/it]Round 06 | Clean ACC = 89.63% | ASR = 82.07%

 35%|███▌      | 7/20 [03:20<06:12, 28.66s/it]Round 07 | Clean ACC = 90.13% | ASR = 86.42%

 40%|████      | 8/20 [03:50<05:47, 28.99s/it]Round 08 | Clean ACC = 90.30% | ASR = 88.93%

 45%|████▌     | 9/20 [04:28<05:51, 31.98s/it]Round 09 | Clean ACC = 90.34% | ASR = 90.89%

 50%|█████     | 10/20 [05:12<05:56, 35.67s/it]Round 10 | Clean ACC = 90.54% | ASR = 92.43%

 55%|█████▌    | 11/20 [05:47<05:17, 35.31s/it]Round 11 | Clean ACC = 90.79% | ASR = 92.60%

 60%|██████    | 12/20 [06:18<04:31, 33.90s/it]Round 12 | Clean ACC = 90.86% | ASR = 93.13%

 65%|██████▌   | 13/20 [06:47<03:48, 32.57s/it]Round 13 | Clean ACC = 90.88% | ASR = 93.42%

 70%|███████   | 14/20 [07:17<03:09, 31.64s/it]Round 14 | Clean ACC = 90.88% | ASR = 93.50%

 75%|███████▌  | 15/20 [07:46<02:34, 30.97s/it]Round 15 | Clean ACC = 90.95% | ASR = 93.94%

 80%|████████  | 16/20 [08:16<02:02, 30.55s/it]Round 16 | Clean ACC = 91.19% | ASR = 93.76%

 85%|████████▌ | 17/20 [08:45<01:30, 30.17s/it]Round 17 | Clean ACC = 91.12% | ASR = 93.59%

 90%|█████████ | 18/20 [09:14<00:59, 29.99s/it]Round 18 | Clean ACC = 91.02% | ASR = 93.98%

 95%|█████████▌| 19/20 [09:44<00:29, 29.81s/it]Round 19 | Clean ACC = 91.13% | ASR = 93.96%

100%|██████████| 20/20 [10:14<00:00, 29.78s/it]
100%|██████████| 20/20 [10:14<00:00, 30.70s/it]
Round 20 | Clean ACC = 91.10% | ASR = 94.13%

FINAL
Clean Accuracy: 91.10%
ASR: 94.13%
Saved results to outputs/badnets_cifar_fedavg_metrics.json
