Device: cuda

  0%|          | 0/20 [00:00<?, ?it/s]
  5%|▌         | 1/20 [00:17<05:26, 17.21s/it]R01 | ACC=61.94% | ASR=99.24%

 10%|█         | 2/20 [00:34<05:08, 17.15s/it]R02 | ACC=72.00% | ASR=99.19%

 15%|█▌        | 3/20 [00:51<04:49, 17.00s/it]R03 | ACC=75.93% | ASR=98.83%

 20%|██        | 4/20 [01:08<04:32, 17.05s/it]R04 | ACC=78.47% | ASR=98.96%

 25%|██▌       | 5/20 [01:25<04:14, 16.94s/it]R05 | ACC=79.79% | ASR=99.02%

 30%|███       | 6/20 [01:41<03:56, 16.87s/it]R06 | ACC=80.80% | ASR=99.36%

 35%|███▌      | 7/20 [01:58<03:39, 16.89s/it]R07 | ACC=81.74% | ASR=99.32%

 40%|████      | 8/20 [02:15<03:23, 16.96s/it]R08 | ACC=82.23% | ASR=99.31%

 45%|████▌     | 9/20 [02:32<03:06, 16.92s/it]R09 | ACC=82.67% | ASR=99.38%

 50%|█████     | 10/20 [02:49<02:48, 16.88s/it]R10 | ACC=83.25% | ASR=99.48%

 55%|█████▌    | 11/20 [03:06<02:33, 17.04s/it]R11 | ACC=83.60% | ASR=99.57%

 60%|██████    | 12/20 [03:23<02:15, 16.96s/it]R12 | ACC=84.07% | ASR=99.60%

 65%|██████▌   | 13/20 [03:40<01:58, 16.97s/it]R13 | ACC=84.16% | ASR=99.61%

 70%|███████   | 14/20 [03:57<01:41, 16.90s/it]R14 | ACC=84.65% | ASR=99.60%

 75%|███████▌  | 15/20 [04:14<01:24, 16.85s/it]R15 | ACC=85.00% | ASR=99.73%

 80%|████████  | 16/20 [04:30<01:07, 16.86s/it]R16 | ACC=85.13% | ASR=99.72%

 85%|████████▌ | 17/20 [04:47<00:50, 16.85s/it]R17 | ACC=85.30% | ASR=99.76%

 90%|█████████ | 18/20 [05:05<00:34, 17.01s/it]R18 | ACC=85.38% | ASR=99.71%

 95%|█████████▌| 19/20 [05:21<00:16, 16.94s/it]R19 | ACC=85.64% | ASR=99.73%

100%|██████████| 20/20 [05:38<00:00, 16.90s/it]
100%|██████████| 20/20 [05:38<00:00, 16.94s/it]
R20 | ACC=85.84% | ASR=99.80%

FINAL
Clean ACC: 85.84%
ASR: 99.80%
Saved to outputs/mirage_cifar_fedavg_metrics.json
