Device: cuda

  0%|          | 0/20 [00:00<?, ?it/s]
  5%|▌         | 1/20 [00:39<12:28, 39.40s/it]Round 01 | Clean ACC = 77.53% | ASR = 6.11%

 10%|█         | 2/20 [01:18<11:41, 38.97s/it]Round 02 | Clean ACC = 85.16% | ASR = 8.78%

 15%|█▌        | 3/20 [01:56<10:59, 38.80s/it]Round 03 | Clean ACC = 87.50% | ASR = 23.41%

 20%|██        | 4/20 [02:36<10:27, 39.24s/it]Round 04 | Clean ACC = 88.35% | ASR = 54.96%

 25%|██▌       | 5/20 [03:17<09:57, 39.82s/it]Round 05 | Clean ACC = 89.29% | ASR = 70.88%

 30%|███       | 6/20 [03:58<09:21, 40.08s/it]Round 06 | Clean ACC = 89.74% | ASR = 80.07%

 35%|███▌      | 7/20 [04:39<08:47, 40.60s/it]Round 07 | Clean ACC = 89.92% | ASR = 85.51%

 40%|████      | 8/20 [05:19<08:05, 40.49s/it]Round 08 | Clean ACC = 90.00% | ASR = 88.00%

 45%|████▌     | 9/20 [05:59<07:23, 40.34s/it]Round 09 | Clean ACC = 90.12% | ASR = 90.51%

 50%|█████     | 10/20 [06:39<06:40, 40.03s/it]Round 10 | Clean ACC = 90.53% | ASR = 92.11%

 55%|█████▌    | 11/20 [07:18<05:57, 39.69s/it]Round 11 | Clean ACC = 90.46% | ASR = 92.20%

 60%|██████    | 12/20 [07:56<05:14, 39.33s/it]Round 12 | Clean ACC = 90.74% | ASR = 92.91%

 65%|██████▌   | 13/20 [08:34<04:32, 38.96s/it]Round 13 | Clean ACC = 90.77% | ASR = 93.11%

 70%|███████   | 14/20 [09:13<03:52, 38.79s/it]Round 14 | Clean ACC = 90.87% | ASR = 93.31%

 75%|███████▌  | 15/20 [09:52<03:14, 38.92s/it]Round 15 | Clean ACC = 90.93% | ASR = 93.67%

 80%|████████  | 16/20 [10:31<02:35, 38.93s/it]Round 16 | Clean ACC = 90.94% | ASR = 93.49%

 85%|████████▌ | 17/20 [11:11<01:57, 39.29s/it]Round 17 | Clean ACC = 91.00% | ASR = 93.40%

 90%|█████████ | 18/20 [11:52<01:19, 39.70s/it]Round 18 | Clean ACC = 90.89% | ASR = 93.67%

 95%|█████████▌| 19/20 [12:33<00:40, 40.28s/it]Round 19 | Clean ACC = 91.06% | ASR = 93.94%

100%|██████████| 20/20 [13:15<00:00, 40.63s/it]
100%|██████████| 20/20 [13:15<00:00, 39.76s/it]
Round 20 | Clean ACC = 91.04% | ASR = 94.18%

FINAL
Clean Accuracy: 91.04%
ASR: 94.18%
Saved results to outputs/badnets_cifar_fedavg_metrics.json
