Device: cuda

  0%|          | 0/20 [00:00<?, ?it/s]
  5%|▌         | 1/20 [00:15<04:51, 15.34s/it]R01 | ACC=61.96% | ASR=99.24%

 10%|█         | 2/20 [00:30<04:30, 15.03s/it]R02 | ACC=72.00% | ASR=99.19%

 15%|█▌        | 3/20 [00:44<04:12, 14.83s/it]R03 | ACC=75.93% | ASR=98.83%

 20%|██        | 4/20 [00:59<03:57, 14.86s/it]R04 | ACC=78.47% | ASR=98.96%

 25%|██▌       | 5/20 [01:14<03:43, 14.89s/it]R05 | ACC=79.79% | ASR=99.02%

 30%|███       | 6/20 [01:29<03:27, 14.83s/it]R06 | ACC=80.80% | ASR=99.36%

 35%|███▌      | 7/20 [01:44<03:14, 14.96s/it]R07 | ACC=81.74% | ASR=99.32%

 40%|████      | 8/20 [01:59<02:59, 14.93s/it]R08 | ACC=82.22% | ASR=99.31%

 45%|████▌     | 9/20 [02:14<02:43, 14.86s/it]R09 | ACC=82.67% | ASR=99.38%

 50%|█████     | 10/20 [02:28<02:28, 14.85s/it]R10 | ACC=83.24% | ASR=99.48%

 55%|█████▌    | 11/20 [02:44<02:15, 15.01s/it]R11 | ACC=83.60% | ASR=99.57%

 60%|██████    | 12/20 [02:59<01:59, 14.99s/it]R12 | ACC=84.07% | ASR=99.60%

 65%|██████▌   | 13/20 [03:14<01:44, 14.93s/it]R13 | ACC=84.16% | ASR=99.61%

 70%|███████   | 14/20 [03:28<01:29, 14.87s/it]R14 | ACC=84.65% | ASR=99.60%

 75%|███████▌  | 15/20 [03:43<01:14, 14.87s/it]R15 | ACC=84.99% | ASR=99.73%

 80%|████████  | 16/20 [03:58<00:59, 14.86s/it]R16 | ACC=85.12% | ASR=99.72%

 85%|████████▌ | 17/20 [04:13<00:44, 14.77s/it]R17 | ACC=85.30% | ASR=99.76%

 90%|█████████ | 18/20 [04:28<00:29, 14.83s/it]R18 | ACC=85.37% | ASR=99.71%

 95%|█████████▌| 19/20 [04:43<00:14, 14.94s/it]R19 | ACC=85.64% | ASR=99.73%

100%|██████████| 20/20 [04:58<00:00, 15.06s/it]
100%|██████████| 20/20 [04:58<00:00, 14.93s/it]
R20 | ACC=85.85% | ASR=99.80%

FINAL
Clean ACC: 85.85%
ASR: 99.80%
Saved to outputs/mirage_cifar_fedavg_metrics.json
