Device: cuda

  0%|          | 0/20 [00:00<?, ?it/s]
  5%|▌         | 1/20 [00:28<09:03, 28.63s/it]R01 | ACC=63.95% | ASR=4.59%

 10%|█         | 2/20 [00:56<08:27, 28.20s/it]R02 | ACC=76.84% | ASR=3.47%

 15%|█▌        | 3/20 [01:25<08:05, 28.55s/it]R03 | ACC=80.08% | ASR=3.40%

 20%|██        | 4/20 [01:56<07:50, 29.39s/it]R04 | ACC=81.44% | ASR=3.29%

 25%|██▌       | 5/20 [02:24<07:12, 28.86s/it]R05 | ACC=82.14% | ASR=2.52%

 30%|███       | 6/20 [02:53<06:45, 28.97s/it]R06 | ACC=82.68% | ASR=3.03%

 35%|███▌      | 7/20 [03:21<06:12, 28.65s/it]R07 | ACC=82.96% | ASR=2.89%

 40%|████      | 8/20 [03:49<05:40, 28.40s/it]R08 | ACC=83.25% | ASR=2.99%

 45%|████▌     | 9/20 [04:17<05:13, 28.49s/it]R09 | ACC=83.77% | ASR=3.01%

 50%|█████     | 10/20 [04:45<04:43, 28.35s/it]R10 | ACC=84.00% | ASR=3.12%

 55%|█████▌    | 11/20 [05:13<04:14, 28.29s/it]R11 | ACC=84.41% | ASR=2.89%

 60%|██████    | 12/20 [05:41<03:45, 28.17s/it]R12 | ACC=84.61% | ASR=3.21%

 65%|██████▌   | 13/20 [06:09<03:16, 28.13s/it]R13 | ACC=85.00% | ASR=2.37%

 70%|███████   | 14/20 [06:38<02:49, 28.17s/it]R14 | ACC=85.14% | ASR=2.96%

 75%|███████▌  | 15/20 [07:07<02:21, 28.39s/it]R15 | ACC=85.61% | ASR=2.60%

 80%|████████  | 16/20 [07:35<01:53, 28.33s/it]R16 | ACC=85.48% | ASR=3.23%

 85%|████████▌ | 17/20 [08:04<01:25, 28.51s/it]R17 | ACC=85.87% | ASR=2.91%

 90%|█████████ | 18/20 [08:32<00:57, 28.55s/it]R18 | ACC=86.02% | ASR=2.88%

 95%|█████████▌| 19/20 [09:01<00:28, 28.47s/it]R19 | ACC=86.23% | ASR=2.86%

100%|██████████| 20/20 [09:29<00:00, 28.52s/it]
100%|██████████| 20/20 [09:29<00:00, 28.49s/it]
R20 | ACC=86.38% | ASR=2.87%

FINAL
Clean ACC: 86.38%
ASR: 2.87%
Saved to outputs/capsulebd_cifar_fedavg_metrics.json
