Device: cuda

=== Round 1/20 ===
Client 0: ASR=12.00% norm=323.68
Client 1: ASR=9.30% norm=323.67
Client 2: ASR=11.55% norm=323.67
Flagged: set()
Round 1 done in 20.9s | ACC=66.89% ASR=10.70%

=== Round 2/20 ===
Client 0: ASR=11.05% norm=322.00
Client 1: ASR=11.45% norm=322.00
Client 2: ASR=10.50% norm=322.00
Flagged: set()
Round 2 done in 20.2s | ACC=74.46% ASR=10.40%

=== Round 3/20 ===
Client 0: ASR=10.70% norm=321.99
Client 1: ASR=11.00% norm=321.99
Client 2: ASR=9.70% norm=321.99
Flagged: set()
Round 3 done in 20.2s | ACC=77.65% ASR=10.19%

=== Round 4/20 ===
Client 0: ASR=11.15% norm=321.99
Client 1: ASR=10.35% norm=321.99
Client 2: ASR=10.55% norm=321.99
Flagged: {0}
Round 4 done in 20.3s | ACC=79.46% ASR=10.20%

=== Round 5/20 ===
Client 0: ASR=10.25% norm=321.99
Client 1: ASR=9.80% norm=321.99
Client 2: ASR=10.50% norm=321.99
Flagged: set()
Round 5 done in 20.5s | ACC=80.54% ASR=10.15%

=== Round 6/20 ===
Client 0: ASR=10.45% norm=321.99
Client 1: ASR=10.15% norm=321.99
Client 2: ASR=10.60% norm=321.99
Flagged: set()
Round 6 done in 20.5s | ACC=81.37% ASR=10.18%

=== Round 7/20 ===
Client 0: ASR=10.30% norm=321.99
Client 1: ASR=10.45% norm=321.99
Client 2: ASR=10.65% norm=321.99
Flagged: set()
Round 7 done in 20.4s | ACC=82.55% ASR=10.25%

=== Round 8/20 ===
Client 0: ASR=10.25% norm=321.99
Client 1: ASR=10.35% norm=321.99
Client 2: ASR=10.15% norm=321.99
Flagged: set()
Round 8 done in 20.2s | ACC=82.96% ASR=10.00%

=== Round 9/20 ===
Client 0: ASR=10.25% norm=321.99
Client 1: ASR=10.20% norm=321.99
Client 2: ASR=10.10% norm=321.99
Flagged: set()
Round 9 done in 20.2s | ACC=83.61% ASR=9.94%

=== Round 10/20 ===
Client 0: ASR=10.15% norm=321.99
Client 1: ASR=10.25% norm=321.99
Client 2: ASR=10.15% norm=321.99
Flagged: {1}
Round 10 done in 20.3s | ACC=83.84% ASR=9.93%

=== Round 11/20 ===
Client 0: ASR=9.90% norm=321.99
Client 1: ASR=10.05% norm=321.99
Client 2: ASR=10.25% norm=321.99
Flagged: set()
Round 11 done in 20.4s | ACC=84.32% ASR=10.13%

=== Round 12/20 ===
Client 0: ASR=10.15% norm=321.99
Client 1: ASR=10.35% norm=321.99
Client 2: ASR=10.00% norm=321.99
Flagged: set()
Round 12 done in 20.3s | ACC=84.78% ASR=10.20%

=== Round 13/20 ===
Client 0: ASR=9.95% norm=321.99
Client 1: ASR=10.45% norm=321.99
Client 2: ASR=10.15% norm=321.99
Flagged: set()
Round 13 done in 20.3s | ACC=84.98% ASR=10.28%

=== Round 14/20 ===
Client 0: ASR=10.45% norm=321.99
Client 1: ASR=9.80% norm=321.99
Client 2: ASR=10.05% norm=321.99
Flagged: set()
Round 14 done in 20.6s | ACC=85.23% ASR=10.16%

=== Round 15/20 ===
Client 0: ASR=10.10% norm=321.99
Client 1: ASR=10.00% norm=321.99
Client 2: ASR=10.05% norm=321.99
Flagged: set()
Round 15 done in 20.3s | ACC=85.62% ASR=10.14%

=== Round 16/20 ===
Client 0: ASR=9.90% norm=321.99
Client 1: ASR=10.30% norm=321.99
Client 2: ASR=10.00% norm=321.99
Flagged: {1}
Round 16 done in 20.4s | ACC=85.56% ASR=10.30%

=== Round 17/20 ===
Client 0: ASR=9.80% norm=321.99
Client 1: ASR=10.15% norm=321.99
Client 2: ASR=10.35% norm=321.99
Flagged: set()
Round 17 done in 20.3s | ACC=85.85% ASR=10.24%

=== Round 18/20 ===
Client 0: ASR=10.10% norm=321.99
Client 1: ASR=10.00% norm=321.99
Client 2: ASR=10.05% norm=321.99
Flagged: set()
Round 18 done in 20.2s | ACC=86.11% ASR=10.14%

=== Round 19/20 ===
Client 0: ASR=10.00% norm=321.99
Client 1: ASR=9.65% norm=321.99
Client 2: ASR=9.70% norm=321.99
Flagged: {0}
Round 19 done in 20.4s | ACC=86.18% ASR=9.90%

=== Round 20/20 ===
Client 0: ASR=9.95% norm=321.99
Client 1: ASR=9.60% norm=321.99
Client 2: ASR=9.65% norm=321.99
Flagged: {0}
Round 20 done in 20.2s | ACC=86.19% ASR=9.85%

Saved outputs/model_cifar.pth, outputs/metrics_cifar.json
Approx total runtime: 6.79 minutes
