Device: cuda

  0%|          | 0/20 [00:00<?, ?it/s]
  5%|▌         | 1/20 [00:28<08:59, 28.41s/it]R01 | ACC=26.22% | ASR=99.71%

 10%|█         | 2/20 [00:57<08:34, 28.56s/it]R02 | ACC=58.38% | ASR=95.44%

 15%|█▌        | 3/20 [01:24<07:58, 28.14s/it]R03 | ACC=69.05% | ASR=93.73%

 20%|██        | 4/20 [01:52<07:27, 27.98s/it]R04 | ACC=72.32% | ASR=94.29%

 25%|██▌       | 5/20 [02:20<06:58, 27.88s/it]R05 | ACC=74.95% | ASR=94.51%

 30%|███       | 6/20 [02:47<06:29, 27.81s/it]R06 | ACC=76.20% | ASR=95.51%

 35%|███▌      | 7/20 [03:15<06:00, 27.74s/it]R07 | ACC=77.03% | ASR=96.18%

 40%|████      | 8/20 [03:43<05:32, 27.70s/it]R08 | ACC=78.16% | ASR=96.23%

 45%|████▌     | 9/20 [04:11<05:07, 27.98s/it]R09 | ACC=79.03% | ASR=96.17%

 50%|█████     | 10/20 [04:39<04:38, 27.84s/it]R10 | ACC=79.43% | ASR=96.91%

 55%|█████▌    | 11/20 [05:06<04:09, 27.78s/it]R11 | ACC=80.29% | ASR=96.83%

 60%|██████    | 12/20 [05:34<03:42, 27.76s/it]R12 | ACC=81.14% | ASR=96.69%

 65%|██████▌   | 13/20 [06:03<03:16, 28.04s/it]R13 | ACC=81.48% | ASR=96.99%

 70%|███████   | 14/20 [06:31<02:47, 27.97s/it]R14 | ACC=81.83% | ASR=97.49%

 75%|███████▌  | 15/20 [06:59<02:19, 27.99s/it]R15 | ACC=82.24% | ASR=97.30%

 80%|████████  | 16/20 [07:26<01:51, 27.95s/it]R16 | ACC=82.51% | ASR=97.56%

 85%|████████▌ | 17/20 [07:54<01:23, 27.90s/it]R17 | ACC=82.42% | ASR=97.92%

 90%|█████████ | 18/20 [08:22<00:55, 27.82s/it]R18 | ACC=82.91% | ASR=97.90%

 95%|█████████▌| 19/20 [08:50<00:27, 27.80s/it]R19 | ACC=83.41% | ASR=97.74%

100%|██████████| 20/20 [09:18<00:00, 27.94s/it]
100%|██████████| 20/20 [09:18<00:00, 27.92s/it]
R20 | ACC=83.43% | ASR=97.94%

FINAL
Clean ACC: 83.43%
ASR: 97.94%
Saved to outputs/capsulebd_cifar_fedavg_metrics.json
